::1 - - [20/Mar/2020:02:36:36 +0000] "GET / HTTP/1.1" 200 - "-" "Mozilla/5.0 (Windows NT 10.0; Win64; x64) AppleWebKit/537.36 (KHTML, like Gecko) Chrome/80.0.3987.132 Safari/537.36"
::1 - - [20/Mar/2020:02:38:43 +0000] "GET /products/5e74050cf9e7ce00043ad1df HTTP/1.1" 200 - "http://localhost:5000/" "Mozilla/5.0 (Windows NT 10.0; Win64; x64) AppleWebKit/537.36 (KHTML, like Gecko) Chrome/80.0.3987.132 Safari/537.36"
::1 - - [20/Mar/2020:02:39:07 +0000] "GET / HTTP/1.1" 304 - "-" "Mozilla/5.0 (Windows NT 10.0; Win64; x64) AppleWebKit/537.36 (KHTML, like Gecko) Chrome/80.0.3987.132 Safari/537.36"
::1 - - [20/Mar/2020:02:39:09 +0000] "GET /products/5e74050cf9e7ce00043ad1df HTTP/1.1" 304 - "http://localhost:5000/" "Mozilla/5.0 (Windows NT 10.0; Win64; x64) AppleWebKit/537.36 (KHTML, like Gecko) Chrome/80.0.3987.132 Safari/537.36"
::1 - - [20/Mar/2020:02:42:00 +0000] "GET / HTTP/1.1" - - "-" "Mozilla/5.0 (Windows NT 10.0; Win64; x64) AppleWebKit/537.36 (KHTML, like Gecko) Chrome/80.0.3987.132 Safari/537.36"
::1 - - [20/Mar/2020:02:42:00 +0000] "GET /products/5e74050cf9e7ce00043ad1df HTTP/1.1" 200 - "http://localhost:5000/" "Mozilla/5.0 (Windows NT 10.0; Win64; x64) AppleWebKit/537.36 (KHTML, like Gecko) Chrome/80.0.3987.132 Safari/537.36"
::1 - - [20/Mar/2020:02:42:06 +0000] "GET / HTTP/1.1" 200 - "-" "Mozilla/5.0 (Windows NT 10.0; Win64; x64) AppleWebKit/537.36 (KHTML, like Gecko) Chrome/80.0.3987.132 Safari/537.36"
::1 - - [20/Mar/2020:02:42:53 +0000] "GET /products/5e741de6d445af00044a40c7 HTTP/1.1" 200 - "http://localhost:5000/" "Mozilla/5.0 (Windows NT 10.0; Win64; x64) AppleWebKit/537.36 (KHTML, like Gecko) Chrome/80.0.3987.132 Safari/537.36"
::1 - - [20/Mar/2020:02:43:37 +0000] "GET / HTTP/1.1" 304 - "-" "Mozilla/5.0 (Windows NT 10.0; Win64; x64) AppleWebKit/537.36 (KHTML, like Gecko) Chrome/80.0.3987.132 Safari/537.36"
::1 - - [20/Mar/2020:02:45:36 +0000] "GET / HTTP/1.1" 200 - "-" "Mozilla/5.0 (Windows NT 10.0; Win64; x64) AppleWebKit/537.36 (KHTML, like Gecko) Chrome/80.0.3987.132 Safari/537.36"
::1 - - [20/Mar/2020:02:46:23 +0000] "GET / HTTP/1.1" 200 - "-" "Mozilla/5.0 (Windows NT 10.0; Win64; x64) AppleWebKit/537.36 (KHTML, like Gecko) Chrome/80.0.3987.132 Safari/537.36"
::1 - - [20/Mar/2020:02:46:44 +0000] "GET /products HTTP/1.1" - - "http://localhost:5000/" "Mozilla/5.0 (Windows NT 10.0; Win64; x64) AppleWebKit/537.36 (KHTML, like Gecko) Chrome/80.0.3987.132 Safari/537.36"
::1 - - [20/Mar/2020:02:46:46 +0000] "GET /products HTTP/1.1" - - "http://localhost:5000/" "Mozilla/5.0 (Windows NT 10.0; Win64; x64) AppleWebKit/537.36 (KHTML, like Gecko) Chrome/80.0.3987.132 Safari/537.36"
- - - [20/Mar/2020:02:46:48 +0000] "GET / HTTP/1.1" - - "http://localhost:5000/" "Mozilla/5.0 (Windows NT 10.0; Win64; x64) AppleWebKit/537.36 (KHTML, like Gecko) Chrome/80.0.3987.132 Safari/537.36"
- - - [20/Mar/2020:02:46:51 +0000] "GET /cart HTTP/1.1" - - "http://localhost:5000/" "Mozilla/5.0 (Windows NT 10.0; Win64; x64) AppleWebKit/537.36 (KHTML, like Gecko) Chrome/80.0.3987.132 Safari/537.36"
::1 - - [20/Mar/2020:02:46:55 +0000] "GET /orders HTTP/1.1" 200 - "http://localhost:5000/" "Mozilla/5.0 (Windows NT 10.0; Win64; x64) AppleWebKit/537.36 (KHTML, like Gecko) Chrome/80.0.3987.132 Safari/537.36"
::1 - - [20/Mar/2020:02:46:58 +0000] "GET /cart HTTP/1.1" 200 - "http://localhost:5000/orders" "Mozilla/5.0 (Windows NT 10.0; Win64; x64) AppleWebKit/537.36 (KHTML, like Gecko) Chrome/80.0.3987.132 Safari/537.36"
::1 - - [20/Mar/2020:02:47:09 +0000] "GET /products HTTP/1.1" - - "http://localhost:5000/cart" "Mozilla/5.0 (Windows NT 10.0; Win64; x64) AppleWebKit/537.36 (KHTML, like Gecko) Chrome/80.0.3987.132 Safari/537.36"
::1 - - [20/Mar/2020:02:47:13 +0000] "GET /products HTTP/1.1" - - "http://localhost:5000/cart" "Mozilla/5.0 (Windows NT 10.0; Win64; x64) AppleWebKit/537.36 (KHTML, like Gecko) Chrome/80.0.3987.132 Safari/537.36"
::1 - - [20/Mar/2020:02:47:17 +0000] "GET / HTTP/1.1" 200 - "http://localhost:5000/cart" "Mozilla/5.0 (Windows NT 10.0; Win64; x64) AppleWebKit/537.36 (KHTML, like Gecko) Chrome/80.0.3987.132 Safari/537.36"
::1 - - [20/Mar/2020:02:47:22 +0000] "GET /products HTTP/1.1" 200 - "http://localhost:5000/" "Mozilla/5.0 (Windows NT 10.0; Win64; x64) AppleWebKit/537.36 (KHTML, like Gecko) Chrome/80.0.3987.132 Safari/537.36"
::1 - - [20/Mar/2020:02:47:53 +0000] "GET /products/5e74268bd445af00044a40cf HTTP/1.1" 200 - "http://localhost:5000/products" "Mozilla/5.0 (Windows NT 10.0; Win64; x64) AppleWebKit/537.36 (KHTML, like Gecko) Chrome/80.0.3987.132 Safari/537.36"
::1 - - [20/Mar/2020:02:53:01 +0000] "POST /logout HTTP/1.1" 302 46 "http://localhost:5000/products" "Mozilla/5.0 (Windows NT 10.0; Win64; x64) AppleWebKit/537.36 (KHTML, like Gecko) Chrome/80.0.3987.132 Safari/537.36"
::1 - - [20/Mar/2020:02:53:03 +0000] "GET / HTTP/1.1" 200 - "http://localhost:5000/products" "Mozilla/5.0 (Windows NT 10.0; Win64; x64) AppleWebKit/537.36 (KHTML, like Gecko) Chrome/80.0.3987.132 Safari/537.36"
::1 - - [20/Mar/2020:02:53:05 +0000] "GET /login HTTP/1.1" 200 - "http://localhost:5000/" "Mozilla/5.0 (Windows NT 10.0; Win64; x64) AppleWebKit/537.36 (KHTML, like Gecko) Chrome/80.0.3987.132 Safari/537.36"
::1 - - [20/Mar/2020:02:53:17 +0000] "GET /login HTTP/1.1" 304 - "http://localhost:5000/login" "Mozilla/5.0 (Windows NT 10.0; Win64; x64) AppleWebKit/537.36 (KHTML, like Gecko) Chrome/80.0.3987.132 Safari/537.36"
::1 - - [20/Mar/2020:02:53:23 +0000] "POST /login HTTP/1.1" 302 46 "http://localhost:5000/login" "Mozilla/5.0 (Windows NT 10.0; Win64; x64) AppleWebKit/537.36 (KHTML, like Gecko) Chrome/80.0.3987.132 Safari/537.36"
::1 - - [20/Mar/2020:02:53:24 +0000] "GET / HTTP/1.1" 200 - "http://localhost:5000/login" "Mozilla/5.0 (Windows NT 10.0; Win64; x64) AppleWebKit/537.36 (KHTML, like Gecko) Chrome/80.0.3987.132 Safari/537.36"
::1 - - [20/Mar/2020:02:53:29 +0000] "POST /cart HTTP/1.1" 302 46 "http://localhost:5000/" "Mozilla/5.0 (Windows NT 10.0; Win64; x64) AppleWebKit/537.36 (KHTML, like Gecko) Chrome/80.0.3987.132 Safari/537.36"
::1 - - [20/Mar/2020:02:53:31 +0000] "GET / HTTP/1.1" 304 - "http://localhost:5000/" "Mozilla/5.0 (Windows NT 10.0; Win64; x64) AppleWebKit/537.36 (KHTML, like Gecko) Chrome/80.0.3987.132 Safari/537.36"
::1 - - [20/Mar/2020:02:53:40 +0000] "GET /cart HTTP/1.1" 200 - "http://localhost:5000/" "Mozilla/5.0 (Windows NT 10.0; Win64; x64) AppleWebKit/537.36 (KHTML, like Gecko) Chrome/80.0.3987.132 Safari/537.36"
::1 - - [20/Mar/2020:02:53:44 +0000] "POST /logout HTTP/1.1" 302 46 "http://localhost:5000/cart" "Mozilla/5.0 (Windows NT 10.0; Win64; x64) AppleWebKit/537.36 (KHTML, like Gecko) Chrome/80.0.3987.132 Safari/537.36"
::1 - - [20/Mar/2020:02:53:45 +0000] "GET / HTTP/1.1" 200 - "http://localhost:5000/cart" "Mozilla/5.0 (Windows NT 10.0; Win64; x64) AppleWebKit/537.36 (KHTML, like Gecko) Chrome/80.0.3987.132 Safari/537.36"
::1 - - [20/Mar/2020:02:53:48 +0000] "GET /login HTTP/1.1" 200 - "http://localhost:5000/" "Mozilla/5.0 (Windows NT 10.0; Win64; x64) AppleWebKit/537.36 (KHTML, like Gecko) Chrome/80.0.3987.132 Safari/537.36"
::1 - - [20/Mar/2020:02:53:53 +0000] "POST /login HTTP/1.1" 302 74 "http://localhost:5000/login" "Mozilla/5.0 (Windows NT 10.0; Win64; x64) AppleWebKit/537.36 (KHTML, like Gecko) Chrome/80.0.3987.132 Safari/537.36"
::1 - - [20/Mar/2020:02:53:54 +0000] "GET /admin/products HTTP/1.1" 200 - "http://localhost:5000/login" "Mozilla/5.0 (Windows NT 10.0; Win64; x64) AppleWebKit/537.36 (KHTML, like Gecko) Chrome/80.0.3987.132 Safari/537.36"
::1 - - [20/Mar/2020:02:53:57 +0000] "GET /admin/edit-product/5e74050cf9e7ce00043ad1df HTTP/1.1" 200 - "http://localhost:5000/admin/products" "Mozilla/5.0 (Windows NT 10.0; Win64; x64) AppleWebKit/537.36 (KHTML, like Gecko) Chrome/80.0.3987.132 Safari/537.36"
::1 - - [20/Mar/2020:02:54:03 +0000] "POST /admin/edit-product HTTP/1.1" 302 74 "http://localhost:5000/admin/edit-product/5e74050cf9e7ce00043ad1df" "Mozilla/5.0 (Windows NT 10.0; Win64; x64) AppleWebKit/537.36 (KHTML, like Gecko) Chrome/80.0.3987.132 Safari/537.36"
::1 - - [20/Mar/2020:02:54:05 +0000] "GET /admin/products HTTP/1.1" 200 - "http://localhost:5000/admin/edit-product/5e74050cf9e7ce00043ad1df" "Mozilla/5.0 (Windows NT 10.0; Win64; x64) AppleWebKit/537.36 (KHTML, like Gecko) Chrome/80.0.3987.132 Safari/537.36"
::1 - - [20/Mar/2020:02:54:08 +0000] "POST /logout HTTP/1.1" 302 46 "http://localhost:5000/admin/products" "Mozilla/5.0 (Windows NT 10.0; Win64; x64) AppleWebKit/537.36 (KHTML, like Gecko) Chrome/80.0.3987.132 Safari/537.36"
::1 - - [20/Mar/2020:02:54:11 +0000] "GET / HTTP/1.1" 200 - "http://localhost:5000/admin/products" "Mozilla/5.0 (Windows NT 10.0; Win64; x64) AppleWebKit/537.36 (KHTML, like Gecko) Chrome/80.0.3987.132 Safari/537.36"
::1 - - [20/Mar/2020:02:54:12 +0000] "GET /login HTTP/1.1" 200 - "http://localhost:5000/" "Mozilla/5.0 (Windows NT 10.0; Win64; x64) AppleWebKit/537.36 (KHTML, like Gecko) Chrome/80.0.3987.132 Safari/537.36"
::1 - - [20/Mar/2020:02:54:19 +0000] "POST /login HTTP/1.1" 302 46 "http://localhost:5000/login" "Mozilla/5.0 (Windows NT 10.0; Win64; x64) AppleWebKit/537.36 (KHTML, like Gecko) Chrome/80.0.3987.132 Safari/537.36"
::1 - - [20/Mar/2020:02:54:21 +0000] "GET / HTTP/1.1" 200 - "http://localhost:5000/login" "Mozilla/5.0 (Windows NT 10.0; Win64; x64) AppleWebKit/537.36 (KHTML, like Gecko) Chrome/80.0.3987.132 Safari/537.36"
::1 - - [20/Mar/2020:02:54:24 +0000] "GET /cart HTTP/1.1" 200 - "http://localhost:5000/" "Mozilla/5.0 (Windows NT 10.0; Win64; x64) AppleWebKit/537.36 (KHTML, like Gecko) Chrome/80.0.3987.132 Safari/537.36"
::1 - - [20/Mar/2020:02:55:47 +0000] "GET /payement? HTTP/1.1" 304 - "http://localhost:5000/cart" "Mozilla/5.0 (Windows NT 10.0; Win64; x64) AppleWebKit/537.36 (KHTML, like Gecko) Chrome/80.0.3987.132 Safari/537.36"
::1 - - [20/Mar/2020:02:55:51 +0000] "POST /payement HTTP/1.1" 302 62 "http://localhost:5000/payement?" "Mozilla/5.0 (Windows NT 10.0; Win64; x64) AppleWebKit/537.36 (KHTML, like Gecko) Chrome/80.0.3987.132 Safari/537.36"
::1 - - [20/Mar/2020:02:55:52 +0000] "GET /products HTTP/1.1" 200 - "http://localhost:5000/payement?" "Mozilla/5.0 (Windows NT 10.0; Win64; x64) AppleWebKit/537.36 (KHTML, like Gecko) Chrome/80.0.3987.132 Safari/537.36"
::1 - - [20/Mar/2020:02:55:56 +0000] "GET /orders HTTP/1.1" 200 - "http://localhost:5000/products" "Mozilla/5.0 (Windows NT 10.0; Win64; x64) AppleWebKit/537.36 (KHTML, like Gecko) Chrome/80.0.3987.132 Safari/537.36"
::1 - - [20/Mar/2020:02:56:02 +0000] "POST /logout HTTP/1.1" 302 46 "http://localhost:5000/orders" "Mozilla/5.0 (Windows NT 10.0; Win64; x64) AppleWebKit/537.36 (KHTML, like Gecko) Chrome/80.0.3987.132 Safari/537.36"
::1 - - [20/Mar/2020:02:56:03 +0000] "GET / HTTP/1.1" 200 - "http://localhost:5000/orders" "Mozilla/5.0 (Windows NT 10.0; Win64; x64) AppleWebKit/537.36 (KHTML, like Gecko) Chrome/80.0.3987.132 Safari/537.36"
::1 - - [20/Mar/2020:02:56:05 +0000] "GET /login HTTP/1.1" 200 - "http://localhost:5000/" "Mozilla/5.0 (Windows NT 10.0; Win64; x64) AppleWebKit/537.36 (KHTML, like Gecko) Chrome/80.0.3987.132 Safari/537.36"
::1 - - [20/Mar/2020:02:56:10 +0000] "POST /login HTTP/1.1" 302 74 "http://localhost:5000/login" "Mozilla/5.0 (Windows NT 10.0; Win64; x64) AppleWebKit/537.36 (KHTML, like Gecko) Chrome/80.0.3987.132 Safari/537.36"
::1 - - [20/Mar/2020:02:56:11 +0000] "GET /admin/products HTTP/1.1" 304 - "http://localhost:5000/login" "Mozilla/5.0 (Windows NT 10.0; Win64; x64) AppleWebKit/537.36 (KHTML, like Gecko) Chrome/80.0.3987.132 Safari/537.36"
::1 - - [20/Mar/2020:02:56:13 +0000] "GET /admin/edit-product/5e74050cf9e7ce00043ad1df HTTP/1.1" 200 - "http://localhost:5000/admin/products" "Mozilla/5.0 (Windows NT 10.0; Win64; x64) AppleWebKit/537.36 (KHTML, like Gecko) Chrome/80.0.3987.132 Safari/537.36"
::1 - - [20/Mar/2020:02:56:20 +0000] "POST /admin/edit-product HTTP/1.1" 302 74 "http://localhost:5000/admin/edit-product/5e74050cf9e7ce00043ad1df" "Mozilla/5.0 (Windows NT 10.0; Win64; x64) AppleWebKit/537.36 (KHTML, like Gecko) Chrome/80.0.3987.132 Safari/537.36"
::1 - - [20/Mar/2020:02:56:21 +0000] "GET /admin/products HTTP/1.1" 200 - "http://localhost:5000/admin/edit-product/5e74050cf9e7ce00043ad1df" "Mozilla/5.0 (Windows NT 10.0; Win64; x64) AppleWebKit/537.36 (KHTML, like Gecko) Chrome/80.0.3987.132 Safari/537.36"
::1 - - [20/Mar/2020:02:56:24 +0000] "POST /logout HTTP/1.1" 302 46 "http://localhost:5000/admin/products" "Mozilla/5.0 (Windows NT 10.0; Win64; x64) AppleWebKit/537.36 (KHTML, like Gecko) Chrome/80.0.3987.132 Safari/537.36"
::1 - - [20/Mar/2020:02:56:26 +0000] "GET / HTTP/1.1" 200 - "http://localhost:5000/admin/products" "Mozilla/5.0 (Windows NT 10.0; Win64; x64) AppleWebKit/537.36 (KHTML, like Gecko) Chrome/80.0.3987.132 Safari/537.36"
::1 - - [20/Mar/2020:02:56:27 +0000] "GET /login HTTP/1.1" 200 - "http://localhost:5000/" "Mozilla/5.0 (Windows NT 10.0; Win64; x64) AppleWebKit/537.36 (KHTML, like Gecko) Chrome/80.0.3987.132 Safari/537.36"
::1 - - [20/Mar/2020:02:56:33 +0000] "POST /login HTTP/1.1" 302 46 "http://localhost:5000/login" "Mozilla/5.0 (Windows NT 10.0; Win64; x64) AppleWebKit/537.36 (KHTML, like Gecko) Chrome/80.0.3987.132 Safari/537.36"
::1 - - [20/Mar/2020:02:56:34 +0000] "GET / HTTP/1.1" 200 - "http://localhost:5000/login" "Mozilla/5.0 (Windows NT 10.0; Win64; x64) AppleWebKit/537.36 (KHTML, like Gecko) Chrome/80.0.3987.132 Safari/537.36"
::1 - - [20/Mar/2020:02:56:42 +0000] "GET /orders HTTP/1.1" 304 - "http://localhost:5000/" "Mozilla/5.0 (Windows NT 10.0; Win64; x64) AppleWebKit/537.36 (KHTML, like Gecko) Chrome/80.0.3987.132 Safari/537.36"
::1 - - [20/Mar/2020:02:57:01 +0000] "GET / HTTP/1.1" 304 - "http://localhost:5000/orders" "Mozilla/5.0 (Windows NT 10.0; Win64; x64) AppleWebKit/537.36 (KHTML, like Gecko) Chrome/80.0.3987.132 Safari/537.36"
::1 - - [20/Mar/2020:02:57:52 +0000] "GET / HTTP/1.1" 304 - "http://localhost:5000/orders" "Mozilla/5.0 (Windows NT 10.0; Win64; x64) AppleWebKit/537.36 (KHTML, like Gecko) Chrome/80.0.3987.132 Safari/537.36"
::1 - - [20/Mar/2020:02:57:54 +0000] "GET /orders HTTP/1.1" 304 - "http://localhost:5000/" "Mozilla/5.0 (Windows NT 10.0; Win64; x64) AppleWebKit/537.36 (KHTML, like Gecko) Chrome/80.0.3987.132 Safari/537.36"
::1 - - [20/Mar/2020:02:57:57 +0000] "GET / HTTP/1.1" 304 - "http://localhost:5000/orders" "Mozilla/5.0 (Windows NT 10.0; Win64; x64) AppleWebKit/537.36 (KHTML, like Gecko) Chrome/80.0.3987.132 Safari/537.36"
::1 - - [20/Mar/2020:02:58:02 +0000] "GET /products/5e74050cf9e7ce00043ad1df HTTP/1.1" 200 - "http://localhost:5000/" "Mozilla/5.0 (Windows NT 10.0; Win64; x64) AppleWebKit/537.36 (KHTML, like Gecko) Chrome/80.0.3987.132 Safari/537.36"
::1 - - [20/Mar/2020:02:59:15 +0000] "GET /products/5e74050cf9e7ce00043ad1df HTTP/1.1" 200 - "http://localhost:5000/" "Mozilla/5.0 (Windows NT 10.0; Win64; x64) AppleWebKit/537.36 (KHTML, like Gecko) Chrome/80.0.3987.132 Safari/537.36"
::1 - - [20/Mar/2020:02:59:18 +0000] "GET / HTTP/1.1" 304 - "http://localhost:5000/products/5e74050cf9e7ce00043ad1df" "Mozilla/5.0 (Windows NT 10.0; Win64; x64) AppleWebKit/537.36 (KHTML, like Gecko) Chrome/80.0.3987.132 Safari/537.36"
::1 - - [20/Mar/2020:02:59:20 +0000] "GET /products/5e74050cf9e7ce00043ad1df HTTP/1.1" 304 - "http://localhost:5000/" "Mozilla/5.0 (Windows NT 10.0; Win64; x64) AppleWebKit/537.36 (KHTML, like Gecko) Chrome/80.0.3987.132 Safari/537.36"
::1 - - [20/Mar/2020:02:59:39 +0000] "GET /products/5e74050cf9e7ce00043ad1df HTTP/1.1" 200 - "http://localhost:5000/" "Mozilla/5.0 (Windows NT 10.0; Win64; x64) AppleWebKit/537.36 (KHTML, like Gecko) Chrome/80.0.3987.132 Safari/537.36"
::1 - - [20/Mar/2020:03:00:19 +0000] "GET / HTTP/1.1" 304 - "http://localhost:5000/products/5e74050cf9e7ce00043ad1df" "Mozilla/5.0 (Windows NT 10.0; Win64; x64) AppleWebKit/537.36 (KHTML, like Gecko) Chrome/80.0.3987.132 Safari/537.36"
::1 - - [20/Mar/2020:03:00:22 +0000] "GET /products/5e74253bd445af00044a40ce HTTP/1.1" 200 - "http://localhost:5000/" "Mozilla/5.0 (Windows NT 10.0; Win64; x64) AppleWebKit/537.36 (KHTML, like Gecko) Chrome/80.0.3987.132 Safari/537.36"
::1 - - [20/Mar/2020:03:00:30 +0000] "GET /products/5e74268bd445af00044a40cf HTTP/1.1" 200 - "http://localhost:5000/" "Mozilla/5.0 (Windows NT 10.0; Win64; x64) AppleWebKit/537.36 (KHTML, like Gecko) Chrome/80.0.3987.132 Safari/537.36"
::1 - - [20/Mar/2020:03:00:36 +0000] "GET /products/5e742719d445af00044a40d0 HTTP/1.1" 200 - "http://localhost:5000/" "Mozilla/5.0 (Windows NT 10.0; Win64; x64) AppleWebKit/537.36 (KHTML, like Gecko) Chrome/80.0.3987.132 Safari/537.36"
::1 - - [20/Mar/2020:03:01:07 +0000] "GET /products/5e742719d445af00044a40d0 HTTP/1.1" 304 - "http://localhost:5000/" "Mozilla/5.0 (Windows NT 10.0; Win64; x64) AppleWebKit/537.36 (KHTML, like Gecko) Chrome/80.0.3987.132 Safari/537.36"
::1 - - [20/Mar/2020:03:01:26 +0000] "GET /products/5e741de6d445af00044a40c7 HTTP/1.1" 200 - "http://localhost:5000/" "Mozilla/5.0 (Windows NT 10.0; Win64; x64) AppleWebKit/537.36 (KHTML, like Gecko) Chrome/80.0.3987.132 Safari/537.36"
::1 - - [20/Mar/2020:03:05:49 +0000] "GET / HTTP/1.1" - - "-" "Mozilla/5.0 (Windows NT 10.0; Win64; x64) AppleWebKit/537.36 (KHTML, like Gecko) Chrome/80.0.3987.132 Safari/537.36"
::1 - - [20/Mar/2020:03:05:51 +0000] "GET /products/5e74050cf9e7ce00043ad1df HTTP/1.1" 200 - "http://localhost:5000/" "Mozilla/5.0 (Windows NT 10.0; Win64; x64) AppleWebKit/537.36 (KHTML, like Gecko) Chrome/80.0.3987.132 Safari/537.36"
::1 - - [20/Mar/2020:03:08:22 +0000] "GET /products/5e74050cf9e7ce00043ad1df HTTP/1.1" 200 - "-" "Mozilla/5.0 (Windows NT 10.0; Win64; x64) AppleWebKit/537.36 (KHTML, like Gecko) Chrome/80.0.3987.132 Safari/537.36"
::1 - - [20/Mar/2020:03:15:01 +0000] "GET /products/5e74050cf9e7ce00043ad1df HTTP/1.1" 200 - "-" "Mozilla/5.0 (Windows NT 10.0; Win64; x64) AppleWebKit/537.36 (KHTML, like Gecko) Chrome/80.0.3987.132 Safari/537.36"
::1 - - [20/Mar/2020:03:15:12 +0000] "GET / HTTP/1.1" 200 - "-" "Mozilla/5.0 (Windows NT 10.0; Win64; x64) AppleWebKit/537.36 (KHTML, like Gecko) Chrome/80.0.3987.132 Safari/537.36"
::1 - - [20/Mar/2020:03:15:14 +0000] "GET /products/5e741d5dd445af00044a40c6 HTTP/1.1" 200 - "http://localhost:5000/" "Mozilla/5.0 (Windows NT 10.0; Win64; x64) AppleWebKit/537.36 (KHTML, like Gecko) Chrome/80.0.3987.132 Safari/537.36"
::1 - - [20/Mar/2020:03:23:36 +0000] "GET /products/5e741d5dd445af00044a40c6 HTTP/1.1" 200 - "-" "Mozilla/5.0 (Windows NT 10.0; Win64; x64) AppleWebKit/537.36 (KHTML, like Gecko) Chrome/80.0.3987.132 Safari/537.36"
::1 - - [20/Mar/2020:03:25:40 +0000] "GET /products/5e741d5dd445af00044a40c6 HTTP/1.1" 200 - "-" "Mozilla/5.0 (Windows NT 10.0; Win64; x64) AppleWebKit/537.36 (KHTML, like Gecko) Chrome/80.0.3987.132 Safari/537.36"
::1 - - [20/Mar/2020:03:25:58 +0000] "GET /products/5e741d5dd445af00044a40c6 HTTP/1.1" 304 - "-" "Mozilla/5.0 (Windows NT 10.0; Win64; x64) AppleWebKit/537.36 (KHTML, like Gecko) Chrome/80.0.3987.132 Safari/537.36"
::1 - - [20/Mar/2020:03:28:17 +0000] "GET /products/5e741d5dd445af00044a40c6 HTTP/1.1" 200 - "-" "Mozilla/5.0 (Windows NT 10.0; Win64; x64) AppleWebKit/537.36 (KHTML, like Gecko) Chrome/80.0.3987.132 Safari/537.36"
::1 - - [20/Mar/2020:03:31:35 +0000] "GET /products/5e741d5dd445af00044a40c6 HTTP/1.1" 200 - "-" "Mozilla/5.0 (Windows NT 10.0; Win64; x64) AppleWebKit/537.36 (KHTML, like Gecko) Chrome/80.0.3987.132 Safari/537.36"
::1 - - [20/Mar/2020:03:32:35 +0000] "GET /products/5e741d5dd445af00044a40c6 HTTP/1.1" 304 - "-" "Mozilla/5.0 (Windows NT 10.0; Win64; x64) AppleWebKit/537.36 (KHTML, like Gecko) Chrome/80.0.3987.132 Safari/537.36"
::1 - - [20/Mar/2020:03:33:13 +0000] "GET /products/5e741d5dd445af00044a40c6 HTTP/1.1" 200 - "-" "Mozilla/5.0 (Windows NT 10.0; Win64; x64) AppleWebKit/537.36 (KHTML, like Gecko) Chrome/80.0.3987.132 Safari/537.36"
::1 - - [20/Mar/2020:03:36:15 +0000] "GET /products/5e741d5dd445af00044a40c6 HTTP/1.1" 200 - "-" "Mozilla/5.0 (Windows NT 10.0; Win64; x64) AppleWebKit/537.36 (KHTML, like Gecko) Chrome/80.0.3987.132 Safari/537.36"
::1 - - [20/Mar/2020:03:36:34 +0000] "GET /products/5e74050cf9e7ce00043ad1df HTTP/1.1" 200 - "http://localhost:5000/" "Mozilla/5.0 (Windows NT 10.0; Win64; x64) AppleWebKit/537.36 (KHTML, like Gecko) Chrome/80.0.3987.132 Safari/537.36"
::1 - - [20/Mar/2020:03:38:26 +0000] "GET /products/5e74050cf9e7ce00043ad1df HTTP/1.1" 200 - "-" "Mozilla/5.0 (Windows NT 10.0; Win64; x64) AppleWebKit/537.36 (KHTML, like Gecko) Chrome/80.0.3987.132 Safari/537.36"
::1 - - [20/Mar/2020:03:38:38 +0000] "GET / HTTP/1.1" 200 - "http://localhost:5000/products/5e74050cf9e7ce00043ad1df" "Mozilla/5.0 (Windows NT 10.0; Win64; x64) AppleWebKit/537.36 (KHTML, like Gecko) Chrome/80.0.3987.132 Safari/537.36"
::1 - - [20/Mar/2020:03:38:40 +0000] "GET /products/5e741d5dd445af00044a40c6 HTTP/1.1" 200 - "http://localhost:5000/" "Mozilla/5.0 (Windows NT 10.0; Win64; x64) AppleWebKit/537.36 (KHTML, like Gecko) Chrome/80.0.3987.132 Safari/537.36"
::1 - - [20/Mar/2020:03:42:10 +0000] "GET /products/5e741d5dd445af00044a40c6 HTTP/1.1" 200 - "-" "Mozilla/5.0 (Windows NT 10.0; Win64; x64) AppleWebKit/537.36 (KHTML, like Gecko) Chrome/80.0.3987.132 Safari/537.36"
::1 - - [20/Mar/2020:03:43:13 +0000] "GET /products/5e741d5dd445af00044a40c6 HTTP/1.1" 200 - "-" "Mozilla/5.0 (Windows NT 10.0; Win64; x64) AppleWebKit/537.36 (KHTML, like Gecko) Chrome/80.0.3987.132 Safari/537.36"
::1 - - [20/Mar/2020:03:43:56 +0000] "GET /products/5e742387d445af00044a40cd HTTP/1.1" 200 - "-" "Mozilla/5.0 (Windows NT 10.0; Win64; x64) AppleWebKit/537.36 (KHTML, like Gecko) Chrome/80.0.3987.132 Safari/537.36"
::1 - - [20/Mar/2020:03:44:13 +0000] "GET / HTTP/1.1" 304 - "http://localhost:5000/products/5e742387d445af00044a40cd" "Mozilla/5.0 (Windows NT 10.0; Win64; x64) AppleWebKit/537.36 (KHTML, like Gecko) Chrome/80.0.3987.132 Safari/537.36"
::1 - - [20/Mar/2020:03:44:36 +0000] "GET /products/5e741eaed445af00044a40c9 HTTP/1.1" 200 - "http://localhost:5000/" "Mozilla/5.0 (Windows NT 10.0; Win64; x64) AppleWebKit/537.36 (KHTML, like Gecko) Chrome/80.0.3987.132 Safari/537.36"
::1 - - [20/Mar/2020:03:44:51 +0000] "POST /cart HTTP/1.1" 302 46 "http://localhost:5000/products/5e741eaed445af00044a40c9" "Mozilla/5.0 (Windows NT 10.0; Win64; x64) AppleWebKit/537.36 (KHTML, like Gecko) Chrome/80.0.3987.132 Safari/537.36"
::1 - - [20/Mar/2020:03:44:58 +0000] "GET / HTTP/1.1" - - "http://localhost:5000/products/5e741eaed445af00044a40c9" "Mozilla/5.0 (Windows NT 10.0; Win64; x64) AppleWebKit/537.36 (KHTML, like Gecko) Chrome/80.0.3987.132 Safari/537.36"
::1 - - [20/Mar/2020:03:44:58 +0000] "POST /logout HTTP/1.1" 302 46 "http://localhost:5000/products/5e741eaed445af00044a40c9" "Mozilla/5.0 (Windows NT 10.0; Win64; x64) AppleWebKit/537.36 (KHTML, like Gecko) Chrome/80.0.3987.132 Safari/537.36"
::1 - - [20/Mar/2020:03:45:07 +0000] "GET / HTTP/1.1" 200 - "http://localhost:5000/products/5e741eaed445af00044a40c9" "Mozilla/5.0 (Windows NT 10.0; Win64; x64) AppleWebKit/537.36 (KHTML, like Gecko) Chrome/80.0.3987.132 Safari/537.36"
::1 - - [20/Mar/2020:03:45:50 +0000] "GET / HTTP/1.1" 304 - "http://localhost:5000/" "Mozilla/5.0 (Windows NT 10.0; Win64; x64) AppleWebKit/537.36 (KHTML, like Gecko) Chrome/80.0.3987.132 Safari/537.36"
::1 - - [20/Mar/2020:03:45:52 +0000] "GET /products HTTP/1.1" 200 - "http://localhost:5000/" "Mozilla/5.0 (Windows NT 10.0; Win64; x64) AppleWebKit/537.36 (KHTML, like Gecko) Chrome/80.0.3987.132 Safari/537.36"
::1 - - [20/Mar/2020:03:45:54 +0000] "GET /login HTTP/1.1" 200 - "http://localhost:5000/products" "Mozilla/5.0 (Windows NT 10.0; Win64; x64) AppleWebKit/537.36 (KHTML, like Gecko) Chrome/80.0.3987.132 Safari/537.36"
::1 - - [20/Mar/2020:03:48:39 +0000] "GET /signup HTTP/1.1" 200 - "http://localhost:5000/login" "Mozilla/5.0 (Windows NT 10.0; Win64; x64) AppleWebKit/537.36 (KHTML, like Gecko) Chrome/80.0.3987.132 Safari/537.36"
::1 - - [20/Mar/2020:03:49:05 +0000] "POST /signup HTTP/1.1" 302 56 "http://localhost:5000/signup" "Mozilla/5.0 (Windows NT 10.0; Win64; x64) AppleWebKit/537.36 (KHTML, like Gecko) Chrome/80.0.3987.132 Safari/537.36"
::1 - - [20/Mar/2020:03:49:05 +0000] "GET /login HTTP/1.1" 304 - "http://localhost:5000/signup" "Mozilla/5.0 (Windows NT 10.0; Win64; x64) AppleWebKit/537.36 (KHTML, like Gecko) Chrome/80.0.3987.132 Safari/537.36"
::1 - - [20/Mar/2020:03:49:10 +0000] "POST /login HTTP/1.1" 302 46 "http://localhost:5000/login" "Mozilla/5.0 (Windows NT 10.0; Win64; x64) AppleWebKit/537.36 (KHTML, like Gecko) Chrome/80.0.3987.132 Safari/537.36"
::1 - - [20/Mar/2020:03:49:11 +0000] "GET / HTTP/1.1" 200 - "http://localhost:5000/login" "Mozilla/5.0 (Windows NT 10.0; Win64; x64) AppleWebKit/537.36 (KHTML, like Gecko) Chrome/80.0.3987.132 Safari/537.36"
